[2024-06-20 10:44:24] request.INFO: Matched route "api_translation_value_edit". {"route":"api_translation_value_edit","route_parameters":{"_route":"api_translation_value_edit","_controller":"prestashop.core.api.translation.controller:translationEditAction","_legacy_controller":"AdminTranslations"},"request_uri":"https://sklep.cezos.com/admin270jq8jrlc4glrd2ocx/index.php/api/translations/edit?_token=g72TWYdw751sIDyacrXJR5zzc0ZhtMynsfR2O8qn5Yg","method":"POST"} []
[2024-06-20 10:44:24] security.DEBUG: Read existing security token from the session. {"key":"_security_main","token_class":"Symfony\\Component\\Security\\Core\\Authentication\\Token\\UsernamePasswordToken"} []
[2024-06-20 10:44:24] security.DEBUG: User was reloaded from a user provider. {"provider":"PrestaShopBundle\\Security\\Admin\\EmployeeProvider","username":"serwis@exis.pl"} []
[2024-06-20 10:44:24] app.ERROR: No result was found for query although at least one row was expected. {"object_type":"Translation"} []
[2024-06-20 10:44:24] app.ERROR: No result was found for query although at least one row was expected. {"object_type":"Translation"} []
[2024-06-20 10:44:29] security.DEBUG: Stored the security token in the session. {"key":"_security_main"} []
[2024-06-20 10:52:09] request.INFO: Matched route "api_translation_value_edit". {"route":"api_translation_value_edit","route_parameters":{"_route":"api_translation_value_edit","_controller":"prestashop.core.api.translation.controller:translationEditAction","_legacy_controller":"AdminTranslations"},"request_uri":"https://sklep.cezos.com/admin270jq8jrlc4glrd2ocx/index.php/api/translations/edit?_token=g72TWYdw751sIDyacrXJR5zzc0ZhtMynsfR2O8qn5Yg","method":"POST"} []
[2024-06-20 10:52:09] security.DEBUG: Read existing security token from the session. {"key":"_security_main","token_class":"Symfony\\Component\\Security\\Core\\Authentication\\Token\\UsernamePasswordToken"} []
[2024-06-20 10:52:09] security.DEBUG: User was reloaded from a user provider. {"provider":"PrestaShopBundle\\Security\\Admin\\EmployeeProvider","username":"serwis@exis.pl"} []
[2024-06-20 10:52:09] app.ERROR: No result was found for query although at least one row was expected. {"object_type":"Translation"} []
[2024-06-20 10:52:10] security.DEBUG: Stored the security token in the session. {"key":"_security_main"} []
[2024-06-20 10:53:33] request.INFO: Matched route "api_translation_value_edit". {"route":"api_translation_value_edit","route_parameters":{"_route":"api_translation_value_edit","_controller":"prestashop.core.api.translation.controller:translationEditAction","_legacy_controller":"AdminTranslations"},"request_uri":"https://sklep.cezos.com/admin270jq8jrlc4glrd2ocx/index.php/api/translations/edit?_token=g72TWYdw751sIDyacrXJR5zzc0ZhtMynsfR2O8qn5Yg","method":"POST"} []
[2024-06-20 10:53:33] security.DEBUG: Read existing security token from the session. {"key":"_security_main","token_class":"Symfony\\Component\\Security\\Core\\Authentication\\Token\\UsernamePasswordToken"} []
[2024-06-20 10:53:33] security.DEBUG: User was reloaded from a user provider. {"provider":"PrestaShopBundle\\Security\\Admin\\EmployeeProvider","username":"serwis@exis.pl"} []
[2024-06-20 10:53:33] app.ERROR: No result was found for query although at least one row was expected. {"object_type":"Translation"} []
[2024-06-20 10:53:34] security.DEBUG: Stored the security token in the session. {"key":"_security_main"} []
[2024-06-20 10:55:41] request.INFO: Matched route "api_translation_value_edit". {"route":"api_translation_value_edit","route_parameters":{"_route":"api_translation_value_edit","_controller":"prestashop.core.api.translation.controller:translationEditAction","_legacy_controller":"AdminTranslations"},"request_uri":"https://sklep.cezos.com/admin270jq8jrlc4glrd2ocx/index.php/api/translations/edit?_token=g72TWYdw751sIDyacrXJR5zzc0ZhtMynsfR2O8qn5Yg","method":"POST"} []
[2024-06-20 10:55:41] security.DEBUG: Read existing security token from the session. {"key":"_security_main","token_class":"Symfony\\Component\\Security\\Core\\Authentication\\Token\\UsernamePasswordToken"} []
[2024-06-20 10:55:41] security.DEBUG: User was reloaded from a user provider. {"provider":"PrestaShopBundle\\Security\\Admin\\EmployeeProvider","username":"serwis@exis.pl"} []
[2024-06-20 10:55:41] app.ERROR: No result was found for query although at least one row was expected. {"object_type":"Translation"} []
[2024-06-20 10:55:44] security.DEBUG: Stored the security token in the session. {"key":"_security_main"} []
