[2024-06-13 10:27:17] request.INFO: Matched route "api_translation_value_edit". {"route":"api_translation_value_edit","route_parameters":{"_route":"api_translation_value_edit","_controller":"prestashop.core.api.translation.controller:translationEditAction","_legacy_controller":"AdminTranslations"},"request_uri":"https://sklep.cezos.com/admin270jq8jrlc4glrd2ocx/index.php/api/translations/edit?_token=p2FAo01jPbfQ0oEm87pW-PqQThwdvTVvI30tkyFIUBo","method":"POST"} []
[2024-06-13 10:27:17] security.DEBUG: Read existing security token from the session. {"key":"_security_main","token_class":"Symfony\\Component\\Security\\Core\\Authentication\\Token\\UsernamePasswordToken"} []
[2024-06-13 10:27:17] security.DEBUG: User was reloaded from a user provider. {"provider":"PrestaShopBundle\\Security\\Admin\\EmployeeProvider","username":"s.szewczyk@cezos.com"} []
[2024-06-13 10:27:18] app.ERROR: No result was found for query although at least one row was expected. {"object_type":"Translation"} []
[2024-06-13 10:27:18] app.ERROR: No result was found for query although at least one row was expected. {"object_type":"Translation"} []
[2024-06-13 10:27:18] app.ERROR: No result was found for query although at least one row was expected. {"object_type":"Translation"} []
[2024-06-13 10:27:18] app.ERROR: No result was found for query although at least one row was expected. {"object_type":"Translation"} []
[2024-06-13 10:27:18] app.ERROR: No result was found for query although at least one row was expected. {"object_type":"Translation"} []
[2024-06-13 10:27:18] app.ERROR: No result was found for query although at least one row was expected. {"object_type":"Translation"} []
[2024-06-13 10:27:18] app.ERROR: No result was found for query although at least one row was expected. {"object_type":"Translation"} []
[2024-06-13 10:27:18] app.ERROR: No result was found for query although at least one row was expected. {"object_type":"Translation"} []
[2024-06-13 10:27:18] app.ERROR: No result was found for query although at least one row was expected. {"object_type":"Translation"} []
[2024-06-13 10:27:18] app.ERROR: No result was found for query although at least one row was expected. {"object_type":"Translation"} []
[2024-06-13 10:27:18] app.ERROR: No result was found for query although at least one row was expected. {"object_type":"Translation"} []
[2024-06-13 10:27:18] app.ERROR: No result was found for query although at least one row was expected. {"object_type":"Translation"} []
[2024-06-13 10:27:18] app.ERROR: No result was found for query although at least one row was expected. {"object_type":"Translation"} []
[2024-06-13 10:27:18] app.ERROR: No result was found for query although at least one row was expected. {"object_type":"Translation"} []
[2024-06-13 10:27:18] app.ERROR: No result was found for query although at least one row was expected. {"object_type":"Translation"} []
[2024-06-13 10:27:18] app.ERROR: No result was found for query although at least one row was expected. {"object_type":"Translation"} []
[2024-06-13 10:27:18] security.DEBUG: Stored the security token in the session. {"key":"_security_main"} []
[2024-06-13 11:12:56] request.INFO: Matched route "api_translation_value_edit". {"route":"api_translation_value_edit","route_parameters":{"_route":"api_translation_value_edit","_controller":"prestashop.core.api.translation.controller:translationEditAction","_legacy_controller":"AdminTranslations"},"request_uri":"https://sklep.cezos.com/admin270jq8jrlc4glrd2ocx/index.php/api/translations/edit?_token=LTdK1ZgC0A9RxyvIjrf0kL662-LiU7zI8onsDSrg-OE","method":"POST"} []
[2024-06-13 11:12:56] security.DEBUG: Read existing security token from the session. {"key":"_security_main","token_class":"Symfony\\Component\\Security\\Core\\Authentication\\Token\\UsernamePasswordToken"} []
[2024-06-13 11:12:56] security.DEBUG: User was reloaded from a user provider. {"provider":"PrestaShopBundle\\Security\\Admin\\EmployeeProvider","username":"m.switalski@cezos.com"} []
[2024-06-13 11:12:56] app.ERROR: No result was found for query although at least one row was expected. {"object_type":"Translation"} []
[2024-06-13 11:12:57] security.DEBUG: Stored the security token in the session. {"key":"_security_main"} []
