[2024-10-02 12:01:06] request.INFO: Matched route "api_translation_value_reset". {"route":"api_translation_value_reset","route_parameters":{"_route":"api_translation_value_reset","_controller":"prestashop.core.api.translation.controller:translationResetAction","_legacy_controller":"AdminTranslations"},"request_uri":"https://sklep.cezos.com/admin270jq8jrlc4glrd2ocx/index.php/api/translations/reset","method":"POST"} []
[2024-10-02 12:01:06] security.DEBUG: Read existing security token from the session. {"key":"_security_main","token_class":"Symfony\\Component\\Security\\Core\\Authentication\\Token\\UsernamePasswordToken"} []
[2024-10-02 12:01:06] security.DEBUG: User was reloaded from a user provider. {"provider":"PrestaShopBundle\\Security\\Admin\\EmployeeProvider","username":"m.switalski@cezos.com"} []
[2024-10-02 12:01:06] app.ERROR: EntityManager#remove() expects parameter 1 to be an entity object, NULL given. [] []
[2024-10-02 12:01:15] security.DEBUG: Stored the security token in the session. {"key":"_security_main"} []
[2024-10-02 12:01:08] request.INFO: Matched route "api_translation_value_reset". {"route":"api_translation_value_reset","route_parameters":{"_route":"api_translation_value_reset","_controller":"prestashop.core.api.translation.controller:translationResetAction","_legacy_controller":"AdminTranslations"},"request_uri":"https://sklep.cezos.com/admin270jq8jrlc4glrd2ocx/index.php/api/translations/reset","method":"POST"} []
[2024-10-02 12:01:15] security.DEBUG: Read existing security token from the session. {"key":"_security_main","token_class":"Symfony\\Component\\Security\\Core\\Authentication\\Token\\UsernamePasswordToken"} []
[2024-10-02 12:01:15] security.DEBUG: User was reloaded from a user provider. {"provider":"PrestaShopBundle\\Security\\Admin\\EmployeeProvider","username":"m.switalski@cezos.com"} []
[2024-10-02 12:01:15] app.ERROR: EntityManager#remove() expects parameter 1 to be an entity object, NULL given. [] []
[2024-10-02 12:01:15] security.DEBUG: Stored the security token in the session. {"key":"_security_main"} []
[2024-10-02 12:01:48] request.INFO: Matched route "api_translation_value_edit". {"route":"api_translation_value_edit","route_parameters":{"_route":"api_translation_value_edit","_controller":"prestashop.core.api.translation.controller:translationEditAction","_legacy_controller":"AdminTranslations"},"request_uri":"https://sklep.cezos.com/admin270jq8jrlc4glrd2ocx/index.php/api/translations/edit","method":"POST"} []
[2024-10-02 12:01:51] security.DEBUG: Read existing security token from the session. {"key":"_security_main","token_class":"Symfony\\Component\\Security\\Core\\Authentication\\Token\\UsernamePasswordToken"} []
[2024-10-02 12:01:51] security.DEBUG: User was reloaded from a user provider. {"provider":"PrestaShopBundle\\Security\\Admin\\EmployeeProvider","username":"m.switalski@cezos.com"} []
[2024-10-02 12:01:51] app.ERROR: No result was found for query although at least one row was expected. {"object_type":"Translation"} []
[2024-10-02 12:01:51] app.ERROR: You must specify as many arguments (%d, %s ...) as the original string. {"object_type":"Translation"} []
[2024-10-02 12:01:51] security.DEBUG: Stored the security token in the session. {"key":"_security_main"} []
[2024-10-02 12:01:48] request.INFO: Matched route "api_translation_value_reset". {"route":"api_translation_value_reset","route_parameters":{"_route":"api_translation_value_reset","_controller":"prestashop.core.api.translation.controller:translationResetAction","_legacy_controller":"AdminTranslations"},"request_uri":"https://sklep.cezos.com/admin270jq8jrlc4glrd2ocx/index.php/api/translations/reset","method":"POST"} []
[2024-10-02 12:01:52] security.DEBUG: Read existing security token from the session. {"key":"_security_main","token_class":"Symfony\\Component\\Security\\Core\\Authentication\\Token\\UsernamePasswordToken"} []
[2024-10-02 12:01:52] security.DEBUG: User was reloaded from a user provider. {"provider":"PrestaShopBundle\\Security\\Admin\\EmployeeProvider","username":"m.switalski@cezos.com"} []
[2024-10-02 12:01:52] app.ERROR: EntityManager#remove() expects parameter 1 to be an entity object, NULL given. [] []
[2024-10-02 12:01:52] security.DEBUG: Stored the security token in the session. {"key":"_security_main"} []
[2024-10-02 12:04:05] request.INFO: Matched route "api_translation_value_edit". {"route":"api_translation_value_edit","route_parameters":{"_route":"api_translation_value_edit","_controller":"prestashop.core.api.translation.controller:translationEditAction","_legacy_controller":"AdminTranslations"},"request_uri":"https://sklep.cezos.com/admin270jq8jrlc4glrd2ocx/index.php/api/translations/edit","method":"POST"} []
[2024-10-02 12:04:05] security.DEBUG: Read existing security token from the session. {"key":"_security_main","token_class":"Symfony\\Component\\Security\\Core\\Authentication\\Token\\UsernamePasswordToken"} []
[2024-10-02 12:04:05] security.DEBUG: User was reloaded from a user provider. {"provider":"PrestaShopBundle\\Security\\Admin\\EmployeeProvider","username":"m.switalski@cezos.com"} []
[2024-10-02 12:04:05] app.ERROR: No result was found for query although at least one row was expected. {"object_type":"Translation"} []
[2024-10-02 12:04:05] app.ERROR: You must specify as many arguments (%d, %s ...) as the original string. {"object_type":"Translation"} []
[2024-10-02 12:04:06] security.DEBUG: Stored the security token in the session. {"key":"_security_main"} []
[2024-10-02 12:42:03] request.INFO: Matched route "api_translation_value_edit". {"route":"api_translation_value_edit","route_parameters":{"_route":"api_translation_value_edit","_controller":"prestashop.core.api.translation.controller:translationEditAction","_legacy_controller":"AdminTranslations"},"request_uri":"https://sklep.cezos.com/admin270jq8jrlc4glrd2ocx/index.php/api/translations/edit","method":"POST"} []
[2024-10-02 12:42:03] security.DEBUG: Read existing security token from the session. {"key":"_security_main","token_class":"Symfony\\Component\\Security\\Core\\Authentication\\Token\\UsernamePasswordToken"} []
[2024-10-02 12:42:03] security.DEBUG: User was reloaded from a user provider. {"provider":"PrestaShopBundle\\Security\\Admin\\EmployeeProvider","username":"m.switalski@cezos.com"} []
[2024-10-02 12:42:03] app.ERROR: No result was found for query although at least one row was expected. {"object_type":"Translation"} []
[2024-10-02 12:42:08] security.DEBUG: Stored the security token in the session. {"key":"_security_main"} []
[2024-10-02 12:58:51] request.INFO: Matched route "api_translation_value_edit". {"route":"api_translation_value_edit","route_parameters":{"_route":"api_translation_value_edit","_controller":"prestashop.core.api.translation.controller:translationEditAction","_legacy_controller":"AdminTranslations"},"request_uri":"https://sklep.cezos.com/admin270jq8jrlc4glrd2ocx/index.php/api/translations/edit","method":"POST"} []
[2024-10-02 12:58:51] security.DEBUG: Read existing security token from the session. {"key":"_security_main","token_class":"Symfony\\Component\\Security\\Core\\Authentication\\Token\\UsernamePasswordToken"} []
[2024-10-02 12:58:51] security.DEBUG: User was reloaded from a user provider. {"provider":"PrestaShopBundle\\Security\\Admin\\EmployeeProvider","username":"m.switalski@cezos.com"} []
[2024-10-02 12:58:51] app.ERROR: No result was found for query although at least one row was expected. {"object_type":"Translation"} []
[2024-10-02 12:58:52] security.DEBUG: Stored the security token in the session. {"key":"_security_main"} []
[2024-10-02 13:05:47] request.INFO: Matched route "api_translation_value_edit". {"route":"api_translation_value_edit","route_parameters":{"_route":"api_translation_value_edit","_controller":"prestashop.core.api.translation.controller:translationEditAction","_legacy_controller":"AdminTranslations"},"request_uri":"https://sklep.cezos.com/admin270jq8jrlc4glrd2ocx/index.php/api/translations/edit","method":"POST"} []
[2024-10-02 13:05:47] security.DEBUG: Read existing security token from the session. {"key":"_security_main","token_class":"Symfony\\Component\\Security\\Core\\Authentication\\Token\\UsernamePasswordToken"} []
[2024-10-02 13:05:47] security.DEBUG: User was reloaded from a user provider. {"provider":"PrestaShopBundle\\Security\\Admin\\EmployeeProvider","username":"m.switalski@cezos.com"} []
[2024-10-02 13:05:47] app.ERROR: No result was found for query although at least one row was expected. {"object_type":"Translation"} []
[2024-10-02 13:05:48] security.DEBUG: Stored the security token in the session. {"key":"_security_main"} []
[2024-10-02 13:10:48] request.INFO: Matched route "api_translation_value_edit". {"route":"api_translation_value_edit","route_parameters":{"_route":"api_translation_value_edit","_controller":"prestashop.core.api.translation.controller:translationEditAction","_legacy_controller":"AdminTranslations"},"request_uri":"https://sklep.cezos.com/admin270jq8jrlc4glrd2ocx/index.php/api/translations/edit","method":"POST"} []
[2024-10-02 13:10:48] security.DEBUG: Read existing security token from the session. {"key":"_security_main","token_class":"Symfony\\Component\\Security\\Core\\Authentication\\Token\\UsernamePasswordToken"} []
[2024-10-02 13:10:48] security.DEBUG: User was reloaded from a user provider. {"provider":"PrestaShopBundle\\Security\\Admin\\EmployeeProvider","username":"m.switalski@cezos.com"} []
[2024-10-02 13:10:48] app.ERROR: No result was found for query although at least one row was expected. {"object_type":"Translation"} []
[2024-10-02 13:10:48] cache.WARNING: Failed to save key "property_metadata_ec35ce7a48c8fc0d95a018bc70fcb4bd" of type ApiPlatform\Core\Metadata\Property\PropertyMetadata: rename(/home/qisogexqbz/domains/cezos.exis24.pl/public_html/var/cache/prod/pools/BokwxZlat4/fbd73ee2f51e,/home/qisogexqbz/domains/cezos.exis24.pl/public_html/var/cache/prod/pools/BokwxZlat4/Q/S/pqRjCKf1vub6T5G0Becg): No such file or directory {"key":"property_metadata_ec35ce7a48c8fc0d95a018bc70fcb4bd","exception":"[object] (ErrorException(code: 0): rename(/home/qisogexqbz/domains/cezos.exis24.pl/public_html/var/cache/prod/pools/BokwxZlat4/fbd73ee2f51e,/home/qisogexqbz/domains/cezos.exis24.pl/public_html/var/cache/prod/pools/BokwxZlat4/Q/S/pqRjCKf1vub6T5G0Becg): No such file or directory at /home/qisogexqbz/domains/cezos.exis24.pl/public_html/vendor/symfony/symfony/src/Symfony/Component/Cache/Traits/FilesystemCommonTrait.php:115)"} []
[2024-10-02 13:10:48] security.DEBUG: Stored the security token in the session. {"key":"_security_main"} []
[2024-10-02 13:52:26] request.INFO: Matched route "api_translation_value_edit". {"route":"api_translation_value_edit","route_parameters":{"_route":"api_translation_value_edit","_controller":"prestashop.core.api.translation.controller:translationEditAction","_legacy_controller":"AdminTranslations"},"request_uri":"https://sklep.cezos.com/admin270jq8jrlc4glrd2ocx/index.php/api/translations/edit","method":"POST"} []
[2024-10-02 13:52:26] security.DEBUG: Read existing security token from the session. {"key":"_security_main","token_class":"Symfony\\Component\\Security\\Core\\Authentication\\Token\\UsernamePasswordToken"} []
[2024-10-02 13:52:26] security.DEBUG: User was reloaded from a user provider. {"provider":"PrestaShopBundle\\Security\\Admin\\EmployeeProvider","username":"m.switalski@cezos.com"} []
[2024-10-02 13:52:26] app.ERROR: No result was found for query although at least one row was expected. {"object_type":"Translation"} []
[2024-10-02 13:52:27] security.DEBUG: Stored the security token in the session. {"key":"_security_main"} []
[2024-10-02 13:54:55] request.INFO: Matched route "api_translation_value_edit". {"route":"api_translation_value_edit","route_parameters":{"_route":"api_translation_value_edit","_controller":"prestashop.core.api.translation.controller:translationEditAction","_legacy_controller":"AdminTranslations"},"request_uri":"https://sklep.cezos.com/admin270jq8jrlc4glrd2ocx/index.php/api/translations/edit","method":"POST"} []
[2024-10-02 13:54:55] security.DEBUG: Read existing security token from the session. {"key":"_security_main","token_class":"Symfony\\Component\\Security\\Core\\Authentication\\Token\\UsernamePasswordToken"} []
[2024-10-02 13:54:55] security.DEBUG: User was reloaded from a user provider. {"provider":"PrestaShopBundle\\Security\\Admin\\EmployeeProvider","username":"m.switalski@cezos.com"} []
[2024-10-02 13:54:55] app.ERROR: No result was found for query although at least one row was expected. {"object_type":"Translation"} []
[2024-10-02 13:54:55] security.DEBUG: Stored the security token in the session. {"key":"_security_main"} []
[2024-10-02 14:03:21] request.INFO: Matched route "api_translation_value_edit". {"route":"api_translation_value_edit","route_parameters":{"_route":"api_translation_value_edit","_controller":"prestashop.core.api.translation.controller:translationEditAction","_legacy_controller":"AdminTranslations"},"request_uri":"https://sklep.cezos.com/admin270jq8jrlc4glrd2ocx/index.php/api/translations/edit","method":"POST"} []
[2024-10-02 14:03:21] security.DEBUG: Read existing security token from the session. {"key":"_security_main","token_class":"Symfony\\Component\\Security\\Core\\Authentication\\Token\\UsernamePasswordToken"} []
[2024-10-02 14:03:21] security.DEBUG: User was reloaded from a user provider. {"provider":"PrestaShopBundle\\Security\\Admin\\EmployeeProvider","username":"m.switalski@cezos.com"} []
[2024-10-02 14:03:21] app.ERROR: No result was found for query although at least one row was expected. {"object_type":"Translation"} []
[2024-10-02 14:03:22] security.DEBUG: Stored the security token in the session. {"key":"_security_main"} []
[2024-10-02 14:05:59] request.INFO: Matched route "api_translation_value_edit". {"route":"api_translation_value_edit","route_parameters":{"_route":"api_translation_value_edit","_controller":"prestashop.core.api.translation.controller:translationEditAction","_legacy_controller":"AdminTranslations"},"request_uri":"https://sklep.cezos.com/admin270jq8jrlc4glrd2ocx/index.php/api/translations/edit","method":"POST"} []
[2024-10-02 14:05:59] security.DEBUG: Read existing security token from the session. {"key":"_security_main","token_class":"Symfony\\Component\\Security\\Core\\Authentication\\Token\\UsernamePasswordToken"} []
[2024-10-02 14:05:59] security.DEBUG: User was reloaded from a user provider. {"provider":"PrestaShopBundle\\Security\\Admin\\EmployeeProvider","username":"m.switalski@cezos.com"} []
[2024-10-02 14:05:59] app.ERROR: No result was found for query although at least one row was expected. {"object_type":"Translation"} []
[2024-10-02 14:06:00] security.DEBUG: Stored the security token in the session. {"key":"_security_main"} []
[2024-10-02 14:10:21] request.INFO: Matched route "api_translation_value_edit". {"route":"api_translation_value_edit","route_parameters":{"_route":"api_translation_value_edit","_controller":"prestashop.core.api.translation.controller:translationEditAction","_legacy_controller":"AdminTranslations"},"request_uri":"https://sklep.cezos.com/admin270jq8jrlc4glrd2ocx/index.php/api/translations/edit","method":"POST"} []
[2024-10-02 14:10:21] security.DEBUG: Read existing security token from the session. {"key":"_security_main","token_class":"Symfony\\Component\\Security\\Core\\Authentication\\Token\\UsernamePasswordToken"} []
[2024-10-02 14:10:21] security.DEBUG: User was reloaded from a user provider. {"provider":"PrestaShopBundle\\Security\\Admin\\EmployeeProvider","username":"m.switalski@cezos.com"} []
[2024-10-02 14:10:22] app.ERROR: No result was found for query although at least one row was expected. {"object_type":"Translation"} []
[2024-10-02 14:10:22] cache.WARNING: Failed to save key "isWritable.a%3A3%3A%7Bi%3A0%3Bs%3A35%3A%22PrestaShopBundle%5CEntity%5CFeatureFlag%22%3Bi%3A1%3Bs%3A7%3A%22enabled%22%3Bi%3A2%3Ba%3A0%3A%7B%7D%7D" of type boolean: rename(/home/qisogexqbz/domains/cezos.exis24.pl/public_html/var/cache/prod/pools/RN6nSQtkH3/518c1bdd71c9,/home/qisogexqbz/domains/cezos.exis24.pl/public_html/var/cache/prod/pools/RN6nSQtkH3/U/V/qeqXAArnqC4zgxFXPPYA): No such file or directory {"key":"isWritable.a%3A3%3A%7Bi%3A0%3Bs%3A35%3A%22PrestaShopBundle%5CEntity%5CFeatureFlag%22%3Bi%3A1%3Bs%3A7%3A%22enabled%22%3Bi%3A2%3Ba%3A0%3A%7B%7D%7D","exception":"[object] (ErrorException(code: 0): rename(/home/qisogexqbz/domains/cezos.exis24.pl/public_html/var/cache/prod/pools/RN6nSQtkH3/518c1bdd71c9,/home/qisogexqbz/domains/cezos.exis24.pl/public_html/var/cache/prod/pools/RN6nSQtkH3/U/V/qeqXAArnqC4zgxFXPPYA): No such file or directory at /home/qisogexqbz/domains/cezos.exis24.pl/public_html/vendor/symfony/symfony/src/Symfony/Component/Cache/Traits/FilesystemCommonTrait.php:115)"} []
[2024-10-02 14:10:22] cache.WARNING: Failed to save key "isInitializable.a%3A3%3A%7Bi%3A0%3Bs%3A35%3A%22PrestaShopBundle%5CEntity%5CFeatureFlag%22%3Bi%3A1%3Bs%3A12%3A%22labelWording%22%3Bi%3A2%3Ba%3A1%3A%7Bs%3A9%3A%22deprecate%22%3Bb%3A0%3B%7D%7D" of type boolean: rename(/home/qisogexqbz/domains/cezos.exis24.pl/public_html/var/cache/prod/pools/RN6nSQtkH3/7c8b6542ba98,/home/qisogexqbz/domains/cezos.exis24.pl/public_html/var/cache/prod/pools/RN6nSQtkH3/9/Z/ZajUiJaoqPrecmURxgdA): No such file or directory {"key":"isInitializable.a%3A3%3A%7Bi%3A0%3Bs%3A35%3A%22PrestaShopBundle%5CEntity%5CFeatureFlag%22%3Bi%3A1%3Bs%3A12%3A%22labelWording%22%3Bi%3A2%3Ba%3A1%3A%7Bs%3A9%3A%22deprecate%22%3Bb%3A0%3B%7D%7D","exception":"[object] (ErrorException(code: 0): rename(/home/qisogexqbz/domains/cezos.exis24.pl/public_html/var/cache/prod/pools/RN6nSQtkH3/7c8b6542ba98,/home/qisogexqbz/domains/cezos.exis24.pl/public_html/var/cache/prod/pools/RN6nSQtkH3/9/Z/ZajUiJaoqPrecmURxgdA): No such file or directory at /home/qisogexqbz/domains/cezos.exis24.pl/public_html/vendor/symfony/symfony/src/Symfony/Component/Cache/Traits/FilesystemCommonTrait.php:115)"} []
[2024-10-02 14:10:22] cache.WARNING: Failed to save key "getTypes.a%3A3%3A%7Bi%3A0%3Bs%3A35%3A%22PrestaShopBundle%5CEntity%5CFeatureFlag%22%3Bi%3A1%3Bs%3A18%3A%22descriptionWording%22%3Bi%3A2%3Ba%3A1%3A%7Bs%3A9%3A%22deprecate%22%3Bb%3A0%3B%7D%7D" of type array: rename(/home/qisogexqbz/domains/cezos.exis24.pl/public_html/var/cache/prod/pools/RN6nSQtkH3/112ef320ec75,/home/qisogexqbz/domains/cezos.exis24.pl/public_html/var/cache/prod/pools/RN6nSQtkH3/8/W/ZXc4RbADGUzden6RhoRw): No such file or directory {"key":"getTypes.a%3A3%3A%7Bi%3A0%3Bs%3A35%3A%22PrestaShopBundle%5CEntity%5CFeatureFlag%22%3Bi%3A1%3Bs%3A18%3A%22descriptionWording%22%3Bi%3A2%3Ba%3A1%3A%7Bs%3A9%3A%22deprecate%22%3Bb%3A0%3B%7D%7D","exception":"[object] (ErrorException(code: 0): rename(/home/qisogexqbz/domains/cezos.exis24.pl/public_html/var/cache/prod/pools/RN6nSQtkH3/112ef320ec75,/home/qisogexqbz/domains/cezos.exis24.pl/public_html/var/cache/prod/pools/RN6nSQtkH3/8/W/ZXc4RbADGUzden6RhoRw): No such file or directory at /home/qisogexqbz/domains/cezos.exis24.pl/public_html/vendor/symfony/symfony/src/Symfony/Component/Cache/Traits/FilesystemCommonTrait.php:115)"} []
[2024-10-02 14:10:22] cache.WARNING: Failed to save key "property_metadata_12cdf2541224c715944a7846202e28ac" of type ApiPlatform\Metadata\ApiProperty: rename(/home/qisogexqbz/domains/cezos.exis24.pl/public_html/var/cache/prod/pools/LmIjd56zmb/4930dc150133,/home/qisogexqbz/domains/cezos.exis24.pl/public_html/var/cache/prod/pools/LmIjd56zmb/2/X/jWesADtWjv1XWns0bRnA): No such file or directory {"key":"property_metadata_12cdf2541224c715944a7846202e28ac","exception":"[object] (ErrorException(code: 0): rename(/home/qisogexqbz/domains/cezos.exis24.pl/public_html/var/cache/prod/pools/LmIjd56zmb/4930dc150133,/home/qisogexqbz/domains/cezos.exis24.pl/public_html/var/cache/prod/pools/LmIjd56zmb/2/X/jWesADtWjv1XWns0bRnA): No such file or directory at /home/qisogexqbz/domains/cezos.exis24.pl/public_html/vendor/symfony/symfony/src/Symfony/Component/Cache/Traits/FilesystemCommonTrait.php:115)"} []
[2024-10-02 14:10:23] cache.WARNING: Failed to save key "getTypes.a%3A3%3A%7Bi%3A0%3Bs%3A35%3A%22PrestaShopBundle%5CEntity%5CFeatureFlag%22%3Bi%3A1%3Bs%3A7%3A%22enabled%22%3Bi%3A2%3Ba%3A0%3A%7B%7D%7D" of type array: rename(/home/qisogexqbz/domains/cezos.exis24.pl/public_html/var/cache/prod/pools/RN6nSQtkH3/ff1cd2f613f0,/home/qisogexqbz/domains/cezos.exis24.pl/public_html/var/cache/prod/pools/RN6nSQtkH3/B/W/PjBXyG0ykKqmvmtkv1ug): No such file or directory {"key":"getTypes.a%3A3%3A%7Bi%3A0%3Bs%3A35%3A%22PrestaShopBundle%5CEntity%5CFeatureFlag%22%3Bi%3A1%3Bs%3A7%3A%22enabled%22%3Bi%3A2%3Ba%3A0%3A%7B%7D%7D","exception":"[object] (ErrorException(code: 0): rename(/home/qisogexqbz/domains/cezos.exis24.pl/public_html/var/cache/prod/pools/RN6nSQtkH3/ff1cd2f613f0,/home/qisogexqbz/domains/cezos.exis24.pl/public_html/var/cache/prod/pools/RN6nSQtkH3/B/W/PjBXyG0ykKqmvmtkv1ug): No such file or directory at /home/qisogexqbz/domains/cezos.exis24.pl/public_html/vendor/symfony/symfony/src/Symfony/Component/Cache/Traits/FilesystemCommonTrait.php:115)"} []
[2024-10-02 14:10:23] cache.WARNING: Failed to save key "isReadable.a%3A3%3A%7Bi%3A0%3Bs%3A35%3A%22PrestaShopBundle%5CEntity%5CFeatureFlag%22%3Bi%3A1%3Bs%3A11%3A%22labelDomain%22%3Bi%3A2%3Ba%3A0%3A%7B%7D%7D" of type boolean: rename(/home/qisogexqbz/domains/cezos.exis24.pl/public_html/var/cache/prod/pools/RN6nSQtkH3/5d68715fd01c,/home/qisogexqbz/domains/cezos.exis24.pl/public_html/var/cache/prod/pools/RN6nSQtkH3/1/J/jT8ng9vX9JSpQADnBg6A): No such file or directory {"key":"isReadable.a%3A3%3A%7Bi%3A0%3Bs%3A35%3A%22PrestaShopBundle%5CEntity%5CFeatureFlag%22%3Bi%3A1%3Bs%3A11%3A%22labelDomain%22%3Bi%3A2%3Ba%3A0%3A%7B%7D%7D","exception":"[object] (ErrorException(code: 0): rename(/home/qisogexqbz/domains/cezos.exis24.pl/public_html/var/cache/prod/pools/RN6nSQtkH3/5d68715fd01c,/home/qisogexqbz/domains/cezos.exis24.pl/public_html/var/cache/prod/pools/RN6nSQtkH3/1/J/jT8ng9vX9JSpQADnBg6A): No such file or directory at /home/qisogexqbz/domains/cezos.exis24.pl/public_html/vendor/symfony/symfony/src/Symfony/Component/Cache/Traits/FilesystemCommonTrait.php:115)"} []
[2024-10-02 14:10:23] cache.WARNING: Failed to save key "getTypes.a%3A3%3A%7Bi%3A0%3Bs%3A40%3A%22PrestaShopBundle%5CApi%5CResource%5CHookStatus%22%3Bi%3A1%3Bs%3A2%3A%22id%22%3Bi%3A2%3Ba%3A0%3A%7B%7D%7D" of type array: rename(/home/qisogexqbz/domains/cezos.exis24.pl/public_html/var/cache/prod/pools/RN6nSQtkH3/24fb8fce2b72,/home/qisogexqbz/domains/cezos.exis24.pl/public_html/var/cache/prod/pools/RN6nSQtkH3/0/S/Kg9Zrv7qNx+lGULvzpZg): No such file or directory {"key":"getTypes.a%3A3%3A%7Bi%3A0%3Bs%3A40%3A%22PrestaShopBundle%5CApi%5CResource%5CHookStatus%22%3Bi%3A1%3Bs%3A2%3A%22id%22%3Bi%3A2%3Ba%3A0%3A%7B%7D%7D","exception":"[object] (ErrorException(code: 0): rename(/home/qisogexqbz/domains/cezos.exis24.pl/public_html/var/cache/prod/pools/RN6nSQtkH3/24fb8fce2b72,/home/qisogexqbz/domains/cezos.exis24.pl/public_html/var/cache/prod/pools/RN6nSQtkH3/0/S/Kg9Zrv7qNx+lGULvzpZg): No such file or directory at /home/qisogexqbz/domains/cezos.exis24.pl/public_html/vendor/symfony/symfony/src/Symfony/Component/Cache/Traits/FilesystemCommonTrait.php:115)"} []
[2024-10-02 14:10:23] security.DEBUG: Stored the security token in the session. {"key":"_security_main"} []
