[2024-06-18 09:32:44] request.INFO: Matched route "api_translation_value_edit". {"route":"api_translation_value_edit","route_parameters":{"_route":"api_translation_value_edit","_controller":"prestashop.core.api.translation.controller:translationEditAction","_legacy_controller":"AdminTranslations"},"request_uri":"https://sklep.cezos.com/admin270jq8jrlc4glrd2ocx/index.php/api/translations/edit?_token=d92kLsWyd3xJQBwDbwhPMF3CnIibg-mR6jcnhTqNVPg","method":"POST"} []
[2024-06-18 09:32:44] security.DEBUG: Read existing security token from the session. {"key":"_security_main","token_class":"Symfony\\Component\\Security\\Core\\Authentication\\Token\\UsernamePasswordToken"} []
[2024-06-18 09:32:44] security.DEBUG: User was reloaded from a user provider. {"provider":"PrestaShopBundle\\Security\\Admin\\EmployeeProvider","username":"s.szewczyk@cezos.com"} []
[2024-06-18 09:32:44] app.ERROR: No result was found for query although at least one row was expected. {"object_type":"Translation"} []
[2024-06-18 09:32:44] app.ERROR: No result was found for query although at least one row was expected. {"object_type":"Translation"} []
[2024-06-18 09:32:47] security.DEBUG: Stored the security token in the session. {"key":"_security_main"} []
[2024-06-18 09:35:37] request.INFO: Matched route "api_translation_value_edit". {"route":"api_translation_value_edit","route_parameters":{"_route":"api_translation_value_edit","_controller":"prestashop.core.api.translation.controller:translationEditAction","_legacy_controller":"AdminTranslations"},"request_uri":"https://sklep.cezos.com/admin270jq8jrlc4glrd2ocx/index.php/api/translations/edit?_token=d92kLsWyd3xJQBwDbwhPMF3CnIibg-mR6jcnhTqNVPg","method":"POST"} []
[2024-06-18 09:35:37] security.DEBUG: Read existing security token from the session. {"key":"_security_main","token_class":"Symfony\\Component\\Security\\Core\\Authentication\\Token\\UsernamePasswordToken"} []
[2024-06-18 09:35:37] security.DEBUG: User was reloaded from a user provider. {"provider":"PrestaShopBundle\\Security\\Admin\\EmployeeProvider","username":"s.szewczyk@cezos.com"} []
[2024-06-18 09:35:38] app.ERROR: No result was found for query although at least one row was expected. {"object_type":"Translation"} []
[2024-06-18 09:35:38] app.ERROR: No result was found for query although at least one row was expected. {"object_type":"Translation"} []
[2024-06-18 09:35:38] security.DEBUG: Stored the security token in the session. {"key":"_security_main"} []
[2024-06-18 09:36:08] request.INFO: Matched route "api_translation_value_edit". {"route":"api_translation_value_edit","route_parameters":{"_route":"api_translation_value_edit","_controller":"prestashop.core.api.translation.controller:translationEditAction","_legacy_controller":"AdminTranslations"},"request_uri":"https://sklep.cezos.com/admin270jq8jrlc4glrd2ocx/index.php/api/translations/edit?_token=d92kLsWyd3xJQBwDbwhPMF3CnIibg-mR6jcnhTqNVPg","method":"POST"} []
[2024-06-18 09:36:08] security.DEBUG: Read existing security token from the session. {"key":"_security_main","token_class":"Symfony\\Component\\Security\\Core\\Authentication\\Token\\UsernamePasswordToken"} []
[2024-06-18 09:36:08] security.DEBUG: User was reloaded from a user provider. {"provider":"PrestaShopBundle\\Security\\Admin\\EmployeeProvider","username":"s.szewczyk@cezos.com"} []
[2024-06-18 09:36:08] app.ERROR: No result was found for query although at least one row was expected. {"object_type":"Translation"} []
[2024-06-18 09:36:08] app.ERROR: No result was found for query although at least one row was expected. {"object_type":"Translation"} []
[2024-06-18 09:36:09] security.DEBUG: Stored the security token in the session. {"key":"_security_main"} []
[2024-06-18 09:36:29] request.INFO: Matched route "api_translation_value_edit". {"route":"api_translation_value_edit","route_parameters":{"_route":"api_translation_value_edit","_controller":"prestashop.core.api.translation.controller:translationEditAction","_legacy_controller":"AdminTranslations"},"request_uri":"https://sklep.cezos.com/admin270jq8jrlc4glrd2ocx/index.php/api/translations/edit?_token=d92kLsWyd3xJQBwDbwhPMF3CnIibg-mR6jcnhTqNVPg","method":"POST"} []
[2024-06-18 09:36:29] security.DEBUG: Read existing security token from the session. {"key":"_security_main","token_class":"Symfony\\Component\\Security\\Core\\Authentication\\Token\\UsernamePasswordToken"} []
[2024-06-18 09:36:29] security.DEBUG: User was reloaded from a user provider. {"provider":"PrestaShopBundle\\Security\\Admin\\EmployeeProvider","username":"s.szewczyk@cezos.com"} []
[2024-06-18 09:36:29] app.ERROR: No result was found for query although at least one row was expected. {"object_type":"Translation"} []
[2024-06-18 09:36:29] security.DEBUG: Stored the security token in the session. {"key":"_security_main"} []
[2024-06-18 10:34:41] request.INFO: Matched route "api_translation_value_edit". {"route":"api_translation_value_edit","route_parameters":{"_route":"api_translation_value_edit","_controller":"prestashop.core.api.translation.controller:translationEditAction","_legacy_controller":"AdminTranslations"},"request_uri":"https://sklep.cezos.com/admin270jq8jrlc4glrd2ocx/index.php/api/translations/edit?_token=d92kLsWyd3xJQBwDbwhPMF3CnIibg-mR6jcnhTqNVPg","method":"POST"} []
[2024-06-18 10:34:41] security.DEBUG: Read existing security token from the session. {"key":"_security_main","token_class":"Symfony\\Component\\Security\\Core\\Authentication\\Token\\UsernamePasswordToken"} []
[2024-06-18 10:34:41] security.DEBUG: User was reloaded from a user provider. {"provider":"PrestaShopBundle\\Security\\Admin\\EmployeeProvider","username":"s.szewczyk@cezos.com"} []
[2024-06-18 10:34:42] app.ERROR: No result was found for query although at least one row was expected. {"object_type":"Translation"} []
[2024-06-18 10:34:42] security.DEBUG: Stored the security token in the session. {"key":"_security_main"} []
[2024-06-18 10:56:09] request.INFO: Matched route "api_translation_value_edit". {"route":"api_translation_value_edit","route_parameters":{"_route":"api_translation_value_edit","_controller":"prestashop.core.api.translation.controller:translationEditAction","_legacy_controller":"AdminTranslations"},"request_uri":"https://sklep.cezos.com/admin270jq8jrlc4glrd2ocx/index.php/api/translations/edit?_token=d92kLsWyd3xJQBwDbwhPMF3CnIibg-mR6jcnhTqNVPg","method":"POST"} []
[2024-06-18 10:56:09] security.DEBUG: Read existing security token from the session. {"key":"_security_main","token_class":"Symfony\\Component\\Security\\Core\\Authentication\\Token\\UsernamePasswordToken"} []
[2024-06-18 10:56:09] security.DEBUG: User was reloaded from a user provider. {"provider":"PrestaShopBundle\\Security\\Admin\\EmployeeProvider","username":"s.szewczyk@cezos.com"} []
[2024-06-18 10:56:10] app.ERROR: No result was found for query although at least one row was expected. {"object_type":"Translation"} []
[2024-06-18 10:56:10] app.ERROR: No result was found for query although at least one row was expected. {"object_type":"Translation"} []
[2024-06-18 10:56:10] app.ERROR: No result was found for query although at least one row was expected. {"object_type":"Translation"} []
[2024-06-18 10:56:10] app.ERROR: No result was found for query although at least one row was expected. {"object_type":"Translation"} []
[2024-06-18 10:56:10] app.ERROR: No result was found for query although at least one row was expected. {"object_type":"Translation"} []
[2024-06-18 10:56:11] security.DEBUG: Stored the security token in the session. {"key":"_security_main"} []
[2024-06-18 10:56:55] request.INFO: Matched route "api_translation_value_edit". {"route":"api_translation_value_edit","route_parameters":{"_route":"api_translation_value_edit","_controller":"prestashop.core.api.translation.controller:translationEditAction","_legacy_controller":"AdminTranslations"},"request_uri":"https://sklep.cezos.com/admin270jq8jrlc4glrd2ocx/index.php/api/translations/edit?_token=d92kLsWyd3xJQBwDbwhPMF3CnIibg-mR6jcnhTqNVPg","method":"POST"} []
[2024-06-18 10:56:55] security.DEBUG: Read existing security token from the session. {"key":"_security_main","token_class":"Symfony\\Component\\Security\\Core\\Authentication\\Token\\UsernamePasswordToken"} []
[2024-06-18 10:56:55] security.DEBUG: User was reloaded from a user provider. {"provider":"PrestaShopBundle\\Security\\Admin\\EmployeeProvider","username":"s.szewczyk@cezos.com"} []
[2024-06-18 10:56:55] app.ERROR: No result was found for query although at least one row was expected. {"object_type":"Translation"} []
[2024-06-18 10:56:55] app.ERROR: No result was found for query although at least one row was expected. {"object_type":"Translation"} []
[2024-06-18 10:56:56] security.DEBUG: Stored the security token in the session. {"key":"_security_main"} []
[2024-06-18 13:02:44] request.INFO: Matched route "api_translation_value_edit". {"route":"api_translation_value_edit","route_parameters":{"_route":"api_translation_value_edit","_controller":"prestashop.core.api.translation.controller:translationEditAction","_legacy_controller":"AdminTranslations"},"request_uri":"https://sklep.cezos.com/admin270jq8jrlc4glrd2ocx/index.php/api/translations/edit?_token=F6nBrFf7np-MEtXw5SN6vV-8Zfyf0XItlgt08dZEVbU","method":"POST"} []
[2024-06-18 13:02:44] security.DEBUG: Read existing security token from the session. {"key":"_security_main","token_class":"Symfony\\Component\\Security\\Core\\Authentication\\Token\\UsernamePasswordToken"} []
[2024-06-18 13:02:44] security.DEBUG: User was reloaded from a user provider. {"provider":"PrestaShopBundle\\Security\\Admin\\EmployeeProvider","username":"m.switalski@cezos.com"} []
[2024-06-18 13:02:45] app.ERROR: No result was found for query although at least one row was expected. {"object_type":"Translation"} []
[2024-06-18 13:02:45] security.DEBUG: Stored the security token in the session. {"key":"_security_main"} []
[2024-06-18 13:03:34] request.INFO: Matched route "api_translation_value_edit". {"route":"api_translation_value_edit","route_parameters":{"_route":"api_translation_value_edit","_controller":"prestashop.core.api.translation.controller:translationEditAction","_legacy_controller":"AdminTranslations"},"request_uri":"https://sklep.cezos.com/admin270jq8jrlc4glrd2ocx/index.php/api/translations/edit?_token=F6nBrFf7np-MEtXw5SN6vV-8Zfyf0XItlgt08dZEVbU","method":"POST"} []
[2024-06-18 13:03:34] security.DEBUG: Read existing security token from the session. {"key":"_security_main","token_class":"Symfony\\Component\\Security\\Core\\Authentication\\Token\\UsernamePasswordToken"} []
[2024-06-18 13:03:34] security.DEBUG: User was reloaded from a user provider. {"provider":"PrestaShopBundle\\Security\\Admin\\EmployeeProvider","username":"m.switalski@cezos.com"} []
[2024-06-18 13:03:34] app.ERROR: No result was found for query although at least one row was expected. {"object_type":"Translation"} []
[2024-06-18 13:03:35] security.DEBUG: Stored the security token in the session. {"key":"_security_main"} []
[2024-06-18 14:57:32] console.CRITICAL: Error thrown while running command "cache:clear --no-optional-warmers=1 --env=prod". Message: "Class 'Symfony\Component\Console\Formatter\OutputFormatter' not found" {"exception":"[object] (Error(code: 0): Class 'Symfony\\Component\\Console\\Formatter\\OutputFormatter' not found at /home/qisogexqbz/domains/cezos.exis24.pl/public_html/vendor/symfony/symfony/src/Symfony/Component/Console/Output/NullOutput.php:41)","command":"cache:clear --no-optional-warmers=1 --env=prod","message":"Class 'Symfony\\Component\\Console\\Formatter\\OutputFormatter' not found"} []
[2024-06-18 14:57:32] console.DEBUG: Command "cache:clear --no-optional-warmers=1 --env=prod" exited with code "1" {"command":"cache:clear --no-optional-warmers=1 --env=prod","code":1} []
[2024-06-18 15:18:32] request.INFO: Matched route "api_translation_value_edit". {"route":"api_translation_value_edit","route_parameters":{"_route":"api_translation_value_edit","_controller":"prestashop.core.api.translation.controller:translationEditAction","_legacy_controller":"AdminTranslations"},"request_uri":"https://sklep.cezos.com/admin270jq8jrlc4glrd2ocx/index.php/api/translations/edit?_token=RShLQJB-XxwgmdwUJlK9_d8RPzFIyli1fvOr2GBDUvE","method":"POST"} []
[2024-06-18 15:18:32] security.DEBUG: Read existing security token from the session. {"key":"_security_main","token_class":"Symfony\\Component\\Security\\Core\\Authentication\\Token\\UsernamePasswordToken"} []
[2024-06-18 15:18:32] security.DEBUG: User was reloaded from a user provider. {"provider":"PrestaShopBundle\\Security\\Admin\\EmployeeProvider","username":"serwis@exis.pl"} []
[2024-06-18 15:18:32] app.ERROR: No result was found for query although at least one row was expected. {"object_type":"Translation"} []
[2024-06-18 15:18:32] security.DEBUG: Stored the security token in the session. {"key":"_security_main"} []
[2024-06-18 15:26:10] request.INFO: Matched route "api_translation_value_edit". {"route":"api_translation_value_edit","route_parameters":{"_route":"api_translation_value_edit","_controller":"prestashop.core.api.translation.controller:translationEditAction","_legacy_controller":"AdminTranslations"},"request_uri":"https://sklep.cezos.com/admin270jq8jrlc4glrd2ocx/index.php/api/translations/edit?_token=RShLQJB-XxwgmdwUJlK9_d8RPzFIyli1fvOr2GBDUvE","method":"POST"} []
[2024-06-18 15:26:10] security.DEBUG: Read existing security token from the session. {"key":"_security_main","token_class":"Symfony\\Component\\Security\\Core\\Authentication\\Token\\UsernamePasswordToken"} []
[2024-06-18 15:26:10] security.DEBUG: User was reloaded from a user provider. {"provider":"PrestaShopBundle\\Security\\Admin\\EmployeeProvider","username":"serwis@exis.pl"} []
[2024-06-18 15:26:10] app.ERROR: No result was found for query although at least one row was expected. {"object_type":"Translation"} []
[2024-06-18 15:26:10] app.ERROR: No result was found for query although at least one row was expected. {"object_type":"Translation"} []
[2024-06-18 15:26:10] app.ERROR: No result was found for query although at least one row was expected. {"object_type":"Translation"} []
[2024-06-18 15:26:10] app.ERROR: No result was found for query although at least one row was expected. {"object_type":"Translation"} []
[2024-06-18 15:26:10] app.ERROR: No result was found for query although at least one row was expected. {"object_type":"Translation"} []
[2024-06-18 15:26:12] security.DEBUG: Stored the security token in the session. {"key":"_security_main"} []
[2024-06-18 15:27:45] request.INFO: Matched route "api_translation_value_edit". {"route":"api_translation_value_edit","route_parameters":{"_route":"api_translation_value_edit","_controller":"prestashop.core.api.translation.controller:translationEditAction","_legacy_controller":"AdminTranslations"},"request_uri":"https://sklep.cezos.com/admin270jq8jrlc4glrd2ocx/index.php/api/translations/edit?_token=RShLQJB-XxwgmdwUJlK9_d8RPzFIyli1fvOr2GBDUvE","method":"POST"} []
[2024-06-18 15:27:45] security.DEBUG: Read existing security token from the session. {"key":"_security_main","token_class":"Symfony\\Component\\Security\\Core\\Authentication\\Token\\UsernamePasswordToken"} []
[2024-06-18 15:27:45] security.DEBUG: User was reloaded from a user provider. {"provider":"PrestaShopBundle\\Security\\Admin\\EmployeeProvider","username":"serwis@exis.pl"} []
[2024-06-18 15:27:45] app.ERROR: No result was found for query although at least one row was expected. {"object_type":"Translation"} []
[2024-06-18 15:27:45] app.ERROR: No result was found for query although at least one row was expected. {"object_type":"Translation"} []
[2024-06-18 15:27:45] app.ERROR: No result was found for query although at least one row was expected. {"object_type":"Translation"} []
[2024-06-18 15:27:46] security.DEBUG: Stored the security token in the session. {"key":"_security_main"} []
[2024-06-18 15:44:58] request.INFO: Matched route "api_translation_value_edit". {"route":"api_translation_value_edit","route_parameters":{"_route":"api_translation_value_edit","_controller":"prestashop.core.api.translation.controller:translationEditAction","_legacy_controller":"AdminTranslations"},"request_uri":"https://sklep.cezos.com/admin270jq8jrlc4glrd2ocx/index.php/api/translations/edit?_token=RShLQJB-XxwgmdwUJlK9_d8RPzFIyli1fvOr2GBDUvE","method":"POST"} []
[2024-06-18 15:44:58] security.DEBUG: Read existing security token from the session. {"key":"_security_main","token_class":"Symfony\\Component\\Security\\Core\\Authentication\\Token\\UsernamePasswordToken"} []
[2024-06-18 15:44:58] security.DEBUG: User was reloaded from a user provider. {"provider":"PrestaShopBundle\\Security\\Admin\\EmployeeProvider","username":"serwis@exis.pl"} []
[2024-06-18 15:44:58] app.ERROR: No result was found for query although at least one row was expected. {"object_type":"Translation"} []
[2024-06-18 15:44:59] security.DEBUG: Stored the security token in the session. {"key":"_security_main"} []
